# JRE version: Java(TM) SE Runtime Environment (8.0_231-b11) (build 1.8.0_231-b11)
# Java VM: Java HotSpot(TM) 64-Bit Server VM (25.231-b11 mixed mode windows-amd64 compressed oops)
Heap:
 PSYoungGen      total 38400K, used 5800K [0x00000000d5c00000, 0x00000000d8680000, 0x0000000100000000)
  eden space 33280K, 17% used [0x00000000d5c00000,0x00000000d61aa130,0x00000000d7c80000)
  from space 5120K, 0% used [0x00000000d7c80000,0x00000000d7c80000,0x00000000d8180000)
  to   space 5120K, 0% used [0x00000000d8180000,0x00000000d8180000,0x00000000d8680000)
 ParOldGen       total 87552K, used 9019K [0x0000000081400000, 0x0000000086980000, 0x00000000d5c00000)
  object space 87552K, 10% used [0x0000000081400000,0x0000000081cced78,0x0000000086980000)
 Metaspace       used 20424K, capacity 20834K, committed 21120K, reserved 1067008K
  class space    used 2549K, capacity 2633K, committed 2688K, reserved 1048576K
GC Heap History (10 events):
Event: 344.222 GC heap before
{Heap before GC invocations=350 (full 173):
 PSYoungGen      total 38400K, used 806K [0x00000000d5c00000, 0x00000000d8680000, 0x0000000100000000)
  eden space 33280K, 0% used [0x00000000d5c00000,0x00000000d5c00000,0x00000000d7c80000)
  from space 5120K, 15% used [0x00000000d7c80000,0x00000000d7d49bb0,0x00000000d8180000)
  to   space 5120K, 0% used [0x00000000d8180000,0x00000000d8180000,0x00000000d8680000)
 ParOldGen       total 87552K, used 9005K [0x0000000081400000, 0x0000000086980000, 0x00000000d5c00000)
  object space 87552K, 10% used [0x0000000081400000,0x0000000081ccb508,0x0000000086980000)
 Metaspace       used 20373K, capacity 20770K, committed 21120K, reserved 1067008K
  class space    used 2547K, capacity 2633K, committed 2688K, reserved 1048576K
Event: 344.267 GC heap after
Heap after GC invocations=350 (full 173):
 PSYoungGen      total 38400K, used 0K [0x00000000d5c00000, 0x00000000d8680000, 0x0000000100000000)
  eden space 33280K, 0% used [0x00000000d5c00000,0x00000000d5c00000,0x00000000d7c80000)
  from space 5120K, 0% used [0x00000000d7c80000,0x00000000d7c80000,0x00000000d8180000)
  to   space 5120K, 0% used [0x00000000d8180000,0x00000000d8180000,0x00000000d8680000)
 ParOldGen       total 87552K, used 9000K [0x0000000081400000, 0x0000000086980000, 0x00000000d5c00000)
  object space 87552K, 10% used [0x0000000081400000,0x0000000081cca188,0x0000000086980000)
 Metaspace       used 20373K, capacity 20770K, committed 21120K, reserved 1067008K
  class space    used 2547K, capacity 2633K, committed 2688K, reserved 1048576K
}
Event: 344.424 GC heap before
{Heap before GC invocations=351 (full 173):
 PSYoungGen      total 38400K, used 1502K [0x00000000d5c00000, 0x00000000d8680000, 0x0000000100000000)
  eden space 33280K, 4% used [0x00000000d5c00000,0x00000000d5d77860,0x00000000d7c80000)
  from space 5120K, 0% used [0x00000000d7c80000,0x00000000d7c80000,0x00000000d8180000)
  to   space 5120K, 0% used [0x00000000d8180000,0x00000000d8180000,0x00000000d8680000)
 ParOldGen       total 87552K, used 9000K [0x0000000081400000, 0x0000000086980000, 0x00000000d5c00000)
  object space 87552K, 10% used [0x0000000081400000,0x0000000081cca188,0x0000000086980000)
 Metaspace       used 20373K, capacity 20770K, committed 21120K, reserved 1067008K
  class space    used 2547K, capacity 2633K, committed 2688K, reserved 1048576K
Event: 344.427 GC heap after
Heap after GC invocations=351 (full 173):
 PSYoungGen      total 38400K, used 806K [0x00000000d5c00000, 0x00000000d8680000, 0x0000000100000000)
  eden space 33280K, 0% used [0x00000000d5c00000,0x00000000d5c00000,0x00000000d7c80000)
  from space 5120K, 15% used [0x00000000d8180000,0x00000000d8249bb0,0x00000000d8680000)
  to   space 5120K, 0% used [0x00000000d7c80000,0x00000000d7c80000,0x00000000d8180000)
 ParOldGen       total 87552K, used 9000K [0x0000000081400000, 0x0000000086980000, 0x00000000d5c00000)
  object space 87552K, 10% used [0x0000000081400000,0x0000000081cca188,0x0000000086980000)
 Metaspace       used 20373K, capacity 20770K, committed 21120K, reserved 1067008K
  class space    used 2547K, capacity 2633K, committed 2688K, reserved 1048576K
}
Event: 344.427 GC heap before
{Heap before GC invocations=352 (full 174):
 PSYoungGen      total 38400K, used 806K [0x00000000d5c00000, 0x00000000d8680000, 0x0000000100000000)
  eden space 33280K, 0% used [0x00000000d5c00000,0x00000000d5c00000,0x00000000d7c80000)
  from space 5120K, 15% used [0x00000000d8180000,0x00000000d8249bb0,0x00000000d8680000)
  to   space 5120K, 0% used [0x00000000d7c80000,0x00000000d7c80000,0x00000000d8180000)
 ParOldGen       total 87552K, used 9000K [0x0000000081400000, 0x0000000086980000, 0x00000000d5c00000)
  object space 87552K, 10% used [0x0000000081400000,0x0000000081cca188,0x0000000086980000)
 Metaspace       used 20373K, capacity 20770K, committed 21120K, reserved 1067008K
  class space    used 2547K, capacity 2633K, committed 2688K, reserved 1048576K
Event: 344.471 GC heap after
Heap after GC invocations=352 (full 174):
 PSYoungGen      total 38400K, used 0K [0x00000000d5c00000, 0x00000000d8680000, 0x0000000100000000)
  eden space 33280K, 0% used [0x00000000d5c00000,0x00000000d5c00000,0x00000000d7c80000)
  from space 5120K, 0% used [0x00000000d8180000,0x00000000d8180000,0x00000000d8680000)
  to   space 5120K, 0% used [0x00000000d7c80000,0x00000000d7c80000,0x00000000d8180000)
 ParOldGen       total 87552K, used 8999K [0x0000000081400000, 0x0000000086980000, 0x00000000d5c00000)
  object space 87552K, 10% used [0x0000000081400000,0x0000000081cc9fd8,0x0000000086980000)
 Metaspace       used 20373K, capacity 20770K, committed 21120K, reserved 1067008K
  class space    used 2547K, capacity 2633K, committed 2688K, reserved 1048576K
}
Event: 359.779 GC heap before
{Heap before GC invocations=353 (full 174):
 PSYoungGen      total 38400K, used 2847K [0x00000000d5c00000, 0x00000000d8680000, 0x0000000100000000)
  eden space 33280K, 8% used [0x00000000d5c00000,0x00000000d5ec7e40,0x00000000d7c80000)
  from space 5120K, 0% used [0x00000000d8180000,0x00000000d8180000,0x00000000d8680000)
  to   space 5120K, 0% used [0x00000000d7c80000,0x00000000d7c80000,0x00000000d8180000)
 ParOldGen       total 87552K, used 8999K [0x0000000081400000, 0x0000000086980000, 0x00000000d5c00000)
  object space 87552K, 10% used [0x0000000081400000,0x0000000081cc9fd8,0x0000000086980000)
 Metaspace       used 20375K, capacity 20770K, committed 21120K, reserved 1067008K
  class space    used 2547K, capacity 2633K, committed 2688K, reserved 1048576K
Event: 359.781 GC heap after
Heap after GC invocations=353 (full 174):
 PSYoungGen      total 38400K, used 1086K [0x00000000d5c00000, 0x00000000d8680000, 0x0000000100000000)
  eden space 33280K, 0% used [0x00000000d5c00000,0x00000000d5c00000,0x00000000d7c80000)
  from space 5120K, 21% used [0x00000000d7c80000,0x00000000d7d8fa40,0x00000000d8180000)
  to   space 5120K, 0% used [0x00000000d8180000,0x00000000d8180000,0x00000000d8680000)
 ParOldGen       total 87552K, used 8999K [0x0000000081400000, 0x0000000086980000, 0x00000000d5c00000)
  object space 87552K, 10% used [0x0000000081400000,0x0000000081cc9fd8,0x0000000086980000)
 Metaspace       used 20375K, capacity 20770K, committed 21120K, reserved 1067008K
  class space    used 2547K, capacity 2633K, committed 2688K, reserved 1048576K
}
Event: 359.781 GC heap before
{Heap before GC invocations=354 (full 175):
 PSYoungGen      total 38400K, used 1086K [0x00000000d5c00000, 0x00000000d8680000, 0x0000000100000000)
  eden space 33280K, 0% used [0x00000000d5c00000,0x00000000d5c00000,0x00000000d7c80000)
  from space 5120K, 21% used [0x00000000d7c80000,0x00000000d7d8fa40,0x00000000d8180000)
  to   space 5120K, 0% used [0x00000000d8180000,0x00000000d8180000,0x00000000d8680000)
 ParOldGen       total 87552K, used 8999K [0x0000000081400000, 0x0000000086980000, 0x00000000d5c00000)
  object space 87552K, 10% used [0x0000000081400000,0x0000000081cc9fd8,0x0000000086980000)
 Metaspace       used 20375K, capacity 20770K, committed 21120K, reserved 1067008K
  class space    used 2547K, capacity 2633K, committed 2688K, reserved 1048576K
Event: 359.811 GC heap after
Heap after GC invocations=354 (full 175):
 PSYoungGen      total 38400K, used 0K [0x00000000d5c00000, 0x00000000d8680000, 0x0000000100000000)
  eden space 33280K, 0% used [0x00000000d5c00000,0x00000000d5c00000,0x00000000d7c80000)
  from space 5120K, 0% used [0x00000000d7c80000,0x00000000d7c80000,0x00000000d8180000)
  to   space 5120K, 0% used [0x00000000d8180000,0x00000000d8180000,0x00000000d8680000)
 ParOldGen       total 87552K, used 9019K [0x0000000081400000, 0x0000000086980000, 0x00000000d5c00000)
  object space 87552K, 10% used [0x0000000081400000,0x0000000081cced78,0x0000000086980000)
 Metaspace       used 20375K, capacity 20770K, committed 21120K, reserved 1067008K
  class space    used 2547K, capacity 2633K, committed 2688K, reserved 1048576K
}

