# JRE version: Java(TM) SE Runtime Environment (8.0_231-b11) (build 1.8.0_231-b11)
# Java VM: Java HotSpot(TM) 64-Bit Server VM (25.231-b11 mixed mode windows-amd64 compressed oops)
Heap:
 PSYoungGen      total 38400K, used 23296K [0x00000000d5c00000, 0x00000000d8680000, 0x0000000100000000)
  eden space 33280K, 70% used [0x00000000d5c00000,0x00000000d72c02f8,0x00000000d7c80000)
  from space 5120K, 0% used [0x00000000d8180000,0x00000000d8180000,0x00000000d8680000)
  to   space 5120K, 0% used [0x00000000d7c80000,0x00000000d7c80000,0x00000000d8180000)
 ParOldGen       total 87552K, used 8492K [0x0000000081400000, 0x0000000086980000, 0x00000000d5c00000)
  object space 87552K, 9% used [0x0000000081400000,0x0000000081c4b0e8,0x0000000086980000)
 Metaspace       used 20150K, capacity 20512K, committed 20864K, reserved 1067008K
  class space    used 2541K, capacity 2632K, committed 2688K, reserved 1048576K
GC Heap History (10 events):
Event: 40.121 GC heap before
{Heap before GC invocations=2 (full 0):
 PSYoungGen      total 38400K, used 38388K [0x00000000d5c00000, 0x00000000d8680000, 0x0000000100000000)
  eden space 33280K, 100% used [0x00000000d5c00000,0x00000000d7c80000,0x00000000d7c80000)
  from space 5120K, 99% used [0x00000000d7c80000,0x00000000d817d328,0x00000000d8180000)
  to   space 5120K, 0% used [0x00000000d8180000,0x00000000d8180000,0x00000000d8680000)
 ParOldGen       total 87552K, used 8934K [0x0000000081400000, 0x0000000086980000, 0x00000000d5c00000)
  object space 87552K, 10% used [0x0000000081400000,0x0000000081cb9a98,0x0000000086980000)
 Metaspace       used 19541K, capacity 19918K, committed 20352K, reserved 1067008K
  class space    used 2465K, capacity 2565K, committed 2688K, reserved 1048576K
Event: 40.129 GC heap after
Heap after GC invocations=2 (full 0):
 PSYoungGen      total 38400K, used 5106K [0x00000000d5c00000, 0x00000000d8680000, 0x0000000100000000)
  eden space 33280K, 0% used [0x00000000d5c00000,0x00000000d5c00000,0x00000000d7c80000)
  from space 5120K, 99% used [0x00000000d8180000,0x00000000d867c990,0x00000000d8680000)
  to   space 5120K, 0% used [0x00000000d7c80000,0x00000000d7c80000,0x00000000d8180000)
 ParOldGen       total 87552K, used 9158K [0x0000000081400000, 0x0000000086980000, 0x00000000d5c00000)
  object space 87552K, 10% used [0x0000000081400000,0x0000000081cf1a98,0x0000000086980000)
 Metaspace       used 19541K, capacity 19918K, committed 20352K, reserved 1067008K
  class space    used 2465K, capacity 2565K, committed 2688K, reserved 1048576K
}
Event: 43.379 GC heap before
{Heap before GC invocations=3 (full 0):
 PSYoungGen      total 38400K, used 26013K [0x00000000d5c00000, 0x00000000d8680000, 0x0000000100000000)
  eden space 33280K, 62% used [0x00000000d5c00000,0x00000000d706ac48,0x00000000d7c80000)
  from space 5120K, 99% used [0x00000000d8180000,0x00000000d867c990,0x00000000d8680000)
  to   space 5120K, 0% used [0x00000000d7c80000,0x00000000d7c80000,0x00000000d8180000)
 ParOldGen       total 87552K, used 9158K [0x0000000081400000, 0x0000000086980000, 0x00000000d5c00000)
  object space 87552K, 10% used [0x0000000081400000,0x0000000081cf1a98,0x0000000086980000)
 Metaspace       used 19986K, capacity 20378K, committed 20608K, reserved 1067008K
  class space    used 2521K, capacity 2631K, committed 2688K, reserved 1048576K
Event: 43.384 GC heap after
Heap after GC invocations=3 (full 0):
 PSYoungGen      total 38400K, used 5101K [0x00000000d5c00000, 0x00000000d8680000, 0x0000000100000000)
  eden space 33280K, 0% used [0x00000000d5c00000,0x00000000d5c00000,0x00000000d7c80000)
  from space 5120K, 99% used [0x00000000d7c80000,0x00000000d817b658,0x00000000d8180000)
  to   space 5120K, 0% used [0x00000000d8180000,0x00000000d8180000,0x00000000d8680000)
 ParOldGen       total 87552K, used 10228K [0x0000000081400000, 0x0000000086980000, 0x00000000d5c00000)
  object space 87552K, 11% used [0x0000000081400000,0x0000000081dfd368,0x0000000086980000)
 Metaspace       used 19986K, capacity 20378K, committed 20608K, reserved 1067008K
  class space    used 2521K, capacity 2631K, committed 2688K, reserved 1048576K
}
Event: 43.384 GC heap before
{Heap before GC invocations=4 (full 1):
 PSYoungGen      total 38400K, used 5101K [0x00000000d5c00000, 0x00000000d8680000, 0x0000000100000000)
  eden space 33280K, 0% used [0x00000000d5c00000,0x00000000d5c00000,0x00000000d7c80000)
  from space 5120K, 99% used [0x00000000d7c80000,0x00000000d817b658,0x00000000d8180000)
  to   space 5120K, 0% used [0x00000000d8180000,0x00000000d8180000,0x00000000d8680000)
 ParOldGen       total 87552K, used 10228K [0x0000000081400000, 0x0000000086980000, 0x00000000d5c00000)
  object space 87552K, 11% used [0x0000000081400000,0x0000000081dfd368,0x0000000086980000)
 Metaspace       used 19986K, capacity 20378K, committed 20608K, reserved 1067008K
  class space    used 2521K, capacity 2631K, committed 2688K, reserved 1048576K
Event: 43.412 GC heap after
Heap after GC invocations=4 (full 1):
 PSYoungGen      total 38400K, used 0K [0x00000000d5c00000, 0x00000000d8680000, 0x0000000100000000)
  eden space 33280K, 0% used [0x00000000d5c00000,0x00000000d5c00000,0x00000000d7c80000)
  from space 5120K, 0% used [0x00000000d7c80000,0x00000000d7c80000,0x00000000d8180000)
  to   space 5120K, 0% used [0x00000000d8180000,0x00000000d8180000,0x00000000d8680000)
 ParOldGen       total 87552K, used 8646K [0x0000000081400000, 0x0000000086980000, 0x00000000d5c00000)
  object space 87552K, 9% used [0x0000000081400000,0x0000000081c71858,0x0000000086980000)
 Metaspace       used 19986K, capacity 20378K, committed 20608K, reserved 1067008K
  class space    used 2521K, capacity 2631K, committed 2688K, reserved 1048576K
}
Event: 43.433 GC heap before
{Heap before GC invocations=5 (full 1):
 PSYoungGen      total 38400K, used 2477K [0x00000000d5c00000, 0x00000000d8680000, 0x0000000100000000)
  eden space 33280K, 7% used [0x00000000d5c00000,0x00000000d5e6b770,0x00000000d7c80000)
  from space 5120K, 0% used [0x00000000d7c80000,0x00000000d7c80000,0x00000000d8180000)
  to   space 5120K, 0% used [0x00000000d8180000,0x00000000d8180000,0x00000000d8680000)
 ParOldGen       total 87552K, used 8646K [0x0000000081400000, 0x0000000086980000, 0x00000000d5c00000)
  object space 87552K, 9% used [0x0000000081400000,0x0000000081c71858,0x0000000086980000)
 Metaspace       used 20010K, capacity 20442K, committed 20608K, reserved 1067008K
  class space    used 2531K, capacity 2631K, committed 2688K, reserved 1048576K
Event: 43.434 GC heap after
Heap after GC invocations=5 (full 1):
 PSYoungGen      total 38400K, used 235K [0x00000000d5c00000, 0x00000000d8680000, 0x0000000100000000)
  eden space 33280K, 0% used [0x00000000d5c00000,0x00000000d5c00000,0x00000000d7c80000)
  from space 5120K, 4% used [0x00000000d8180000,0x00000000d81bad10,0x00000000d8680000)
  to   space 5120K, 0% used [0x00000000d7c80000,0x00000000d7c80000,0x00000000d8180000)
 ParOldGen       total 87552K, used 8654K [0x0000000081400000, 0x0000000086980000, 0x00000000d5c00000)
  object space 87552K, 9% used [0x0000000081400000,0x0000000081c73858,0x0000000086980000)
 Metaspace       used 20010K, capacity 20442K, committed 20608K, reserved 1067008K
  class space    used 2531K, capacity 2631K, committed 2688K, reserved 1048576K
}
Event: 43.434 GC heap before
{Heap before GC invocations=6 (full 2):
 PSYoungGen      total 38400K, used 235K [0x00000000d5c00000, 0x00000000d8680000, 0x0000000100000000)
  eden space 33280K, 0% used [0x00000000d5c00000,0x00000000d5c00000,0x00000000d7c80000)
  from space 5120K, 4% used [0x00000000d8180000,0x00000000d81bad10,0x00000000d8680000)
  to   space 5120K, 0% used [0x00000000d7c80000,0x00000000d7c80000,0x00000000d8180000)
 ParOldGen       total 87552K, used 8654K [0x0000000081400000, 0x0000000086980000, 0x00000000d5c00000)
  object space 87552K, 9% used [0x0000000081400000,0x0000000081c73858,0x0000000086980000)
 Metaspace       used 20010K, capacity 20442K, committed 20608K, reserved 1067008K
  class space    used 2531K, capacity 2631K, committed 2688K, reserved 1048576K
Event: 43.476 GC heap after
Heap after GC invocations=6 (full 2):
 PSYoungGen      total 38400K, used 0K [0x00000000d5c00000, 0x00000000d8680000, 0x0000000100000000)
  eden space 33280K, 0% used [0x00000000d5c00000,0x00000000d5c00000,0x00000000d7c80000)
  from space 5120K, 0% used [0x00000000d8180000,0x00000000d8180000,0x00000000d8680000)
  to   space 5120K, 0% used [0x00000000d7c80000,0x00000000d7c80000,0x00000000d8180000)
 ParOldGen       total 87552K, used 8492K [0x0000000081400000, 0x0000000086980000, 0x00000000d5c00000)
  object space 87552K, 9% used [0x0000000081400000,0x0000000081c4b0e8,0x0000000086980000)
 Metaspace       used 20010K, capacity 20442K, committed 20608K, reserved 1067008K
  class space    used 2531K, capacity 2631K, committed 2688K, reserved 1048576K
}

